<?xml version="1.0" encoding="UTF-8"?>
<!-- Generated by org.testng.reporters.JUnitReportReporter -->
<testsuite hostname="dm" name="example.NewTest" tests="1" failures="0" timestamp="7 Dec 2019 07:26:03 GMT" time="33.494" errors="0">
  <testcase name="f" time="33.494" classname="example.NewTest"/>
</testsuite> <!-- example.NewTest -->
